Determining if the pthread_create exist failed with the following output:
Change Dir: /home/zchen61/carnd-capstone-test/ros/build/CMakeFiles/CMakeTmp

Run Build Command:"/usr/bin/make" "cmTC_cab72/fast"
/usr/bin/make -f CMakeFiles/cmTC_cab72.dir/build.make CMakeFiles/cmTC_cab72.dir/build
make[1]: Entering directory '/home/zchen61/carnd-capstone-test/ros/build/CMakeFiles/CMakeTmp'
Building C object CMakeFiles/cmTC_cab72.dir/CheckSymbolExists.c.o
/usr/bin/cc     -o CMakeFiles/cmTC_cab72.dir/CheckSymbolExists.c.o   -c /home/zchen61/carnd-capstone-test/ros/build/CMakeFiles/CMakeTmp/CheckSymbolExists.c
Linking C executable cmTC_cab72
/usr/bin/cmake -E cmake_link_script CMakeFiles/cmTC_cab72.dir/link.txt --verbose=1
/usr/bin/cc       CMakeFiles/cmTC_cab72.dir/CheckSymbolExists.c.o  -o cmTC_cab72 -rdynamic 
CMakeFiles/cmTC_cab72.dir/CheckSymbolExists.c.o: In function `main':
CheckSymbolExists.c:(.text+0x16): undefined reference to `pthread_create'
collect2: error: ld returned 1 exit status
CMakeFiles/cmTC_cab72.dir/build.make:97: recipe for target 'cmTC_cab72' failed
make[1]: *** [cmTC_cab72] Error 1
make[1]: Leaving directory '/home/zchen61/carnd-capstone-test/ros/build/CMakeFiles/CMakeTmp'
Makefile:126: recipe for target 'cmTC_cab72/fast' failed
make: *** [cmTC_cab72/fast] Error 2

File /home/zchen61/carnd-capstone-test/ros/build/CMakeFiles/CMakeTmp/CheckSymbolExists.c:
/* */
#include <pthread.h>

int main(int argc, char** argv)
{
  (void)argv;
#ifndef pthread_create
  return ((int*)(&pthread_create))[argc];
#else
  (void)argc;
  return 0;
#endif
}

Determining if the function pthread_create exists in the pthreads failed with the following output:
Change Dir: /home/zchen61/carnd-capstone-test/ros/build/CMakeFiles/CMakeTmp

Run Build Command:"/usr/bin/make" "cmTC_d1735/fast"
/usr/bin/make -f CMakeFiles/cmTC_d1735.dir/build.make CMakeFiles/cmTC_d1735.dir/build
make[1]: Entering directory '/home/zchen61/carnd-capstone-test/ros/build/CMakeFiles/CMakeTmp'
Building C object CMakeFiles/cmTC_d1735.dir/CheckFunctionExists.c.o
/usr/bin/cc    -DCHECK_FUNCTION_EXISTS=pthread_create   -o CMakeFiles/cmTC_d1735.dir/CheckFunctionExists.c.o   -c /usr/share/cmake-3.5/Modules/CheckFunctionExists.c
Linking C executable cmTC_d1735
/usr/bin/cmake -E cmake_link_script CMakeFiles/cmTC_d1735.dir/link.txt --verbose=1
/usr/bin/cc   -DCHECK_FUNCTION_EXISTS=pthread_create    CMakeFiles/cmTC_d1735.dir/CheckFunctionExists.c.o  -o cmTC_d1735 -rdynamic -lpthreads 
/usr/bin/ld: cannot find -lpthreads
collect2: error: ld returned 1 exit status
CMakeFiles/cmTC_d1735.dir/build.make:97: recipe for target 'cmTC_d1735' failed
make[1]: *** [cmTC_d1735] Error 1
make[1]: Leaving directory '/home/zchen61/carnd-capstone-test/ros/build/CMakeFiles/CMakeTmp'
Makefile:126: recipe for target 'cmTC_d1735/fast' failed
make: *** [cmTC_d1735/fast] Error 2


Determining if the pthread_create exist failed with the following output:
Change Dir: /home/zchen61/carnd-capstone-test/ros/build/CMakeFiles/CMakeTmp

Run Build Command:"/usr/bin/make" "cmTC_8a6e4/fast"
/usr/bin/make -f CMakeFiles/cmTC_8a6e4.dir/build.make CMakeFiles/cmTC_8a6e4.dir/build
make[1]: Entering directory '/home/zchen61/carnd-capstone-test/ros/build/CMakeFiles/CMakeTmp'
Building C object CMakeFiles/cmTC_8a6e4.dir/CheckSymbolExists.c.o
/usr/bin/cc     -o CMakeFiles/cmTC_8a6e4.dir/CheckSymbolExists.c.o   -c /home/zchen61/carnd-capstone-test/ros/build/CMakeFiles/CMakeTmp/CheckSymbolExists.c
Linking C executable cmTC_8a6e4
/usr/bin/cmake -E cmake_link_script CMakeFiles/cmTC_8a6e4.dir/link.txt --verbose=1
/usr/bin/cc       CMakeFiles/cmTC_8a6e4.dir/CheckSymbolExists.c.o  -o cmTC_8a6e4 -rdynamic 
CMakeFiles/cmTC_8a6e4.dir/CheckSymbolExists.c.o: In function `main':
CheckSymbolExists.c:(.text+0x16): undefined reference to `pthread_create'
collect2: error: ld returned 1 exit status
CMakeFiles/cmTC_8a6e4.dir/build.make:97: recipe for target 'cmTC_8a6e4' failed
make[1]: *** [cmTC_8a6e4] Error 1
make[1]: Leaving directory '/home/zchen61/carnd-capstone-test/ros/build/CMakeFiles/CMakeTmp'
Makefile:126: recipe for target 'cmTC_8a6e4/fast' failed
make: *** [cmTC_8a6e4/fast] Error 2

File /home/zchen61/carnd-capstone-test/ros/build/CMakeFiles/CMakeTmp/CheckSymbolExists.c:
/* */
#include <pthread.h>

int main(int argc, char** argv)
{
  (void)argv;
#ifndef pthread_create
  return ((int*)(&pthread_create))[argc];
#else
  (void)argc;
  return 0;
#endif
}

Determining if the function pthread_create exists in the pthreads failed with the following output:
Change Dir: /home/zchen61/carnd-capstone-test/ros/build/CMakeFiles/CMakeTmp

Run Build Command:"/usr/bin/make" "cmTC_cf698/fast"
/usr/bin/make -f CMakeFiles/cmTC_cf698.dir/build.make CMakeFiles/cmTC_cf698.dir/build
make[1]: Entering directory '/home/zchen61/carnd-capstone-test/ros/build/CMakeFiles/CMakeTmp'
Building C object CMakeFiles/cmTC_cf698.dir/CheckFunctionExists.c.o
/usr/bin/cc    -DCHECK_FUNCTION_EXISTS=pthread_create   -o CMakeFiles/cmTC_cf698.dir/CheckFunctionExists.c.o   -c /usr/share/cmake-3.5/Modules/CheckFunctionExists.c
Linking C executable cmTC_cf698
/usr/bin/cmake -E cmake_link_script CMakeFiles/cmTC_cf698.dir/link.txt --verbose=1
/usr/bin/cc   -DCHECK_FUNCTION_EXISTS=pthread_create    CMakeFiles/cmTC_cf698.dir/CheckFunctionExists.c.o  -o cmTC_cf698 -rdynamic -lpthreads 
/usr/bin/ld: cannot find -lpthreads
collect2: error: ld returned 1 exit status
CMakeFiles/cmTC_cf698.dir/build.make:97: recipe for target 'cmTC_cf698' failed
make[1]: *** [cmTC_cf698] Error 1
make[1]: Leaving directory '/home/zchen61/carnd-capstone-test/ros/build/CMakeFiles/CMakeTmp'
Makefile:126: recipe for target 'cmTC_cf698/fast' failed
make: *** [cmTC_cf698/fast] Error 2


